<?xml version="1.0" encoding="UTF-8"?>
<!-- Generated by org.testng.reporters.JUnitReportReporter -->
<testsuite hostname="DU1LSITA112PPH" failures="1" tests="1" name="org.igt.webaccessibilitytest.AccessibilityScan" time="1.309" errors="0" timestamp="2023-06-15T16:07:47 AEST" skipped="0">
  <testcase classname="org.igt.webaccessibilitytest.AccessibilityScan" name="accessibilityTest" time="1.309">
    <failure message="[Total violations found in application : 3] List of violations : [Rule{id=&#039;html-has-lang&#039;, description=&#039;Ensures every HTML document has a lang attribute&#039;, help=&#039;&lt;html&gt; element must have a lang attribute&#039;, helpUrl=&#039;https://dequeuniversity.com/rules/axe/4.5/html-has-lang?application=axeAPI&#039;, impact=&#039;serious&#039;, tags=[cat.language, wcag2a, wcag311, ACT], nodes=[CheckedNode{target=&#039;[html]&#039;, html=&#039;&lt;html&gt;&#039;, impact=&#039;serious&#039;, failureSummary=&#039;Fix any of the following:
  The &lt;html&gt; element does not have a lang attribute&#039;, any=&#039;[CheckedNode{id=&#039;has-lang&#039;, impact=&#039;serious&#039;, message=&#039;The &lt;html&gt; element does not have a lang attribute&#039;, data=&#039;{messageKey=noLang}&#039;, relatedNodes=&#039;[]&#039;}]&#039;, all=&#039;[]&#039;, none=&#039;[]&#039;}], url=&#039;null&#039;, createdDate=&#039;null&#039;}, Rule{id=&#039;image-alt&#039;, description=&#039;Ensures &lt;img&gt; elements have alternate text or a role of none or presentation&#039;, help=&#039;Images must have alternate text&#039;, helpUrl=&#039;https://dequeuniversity.com/rules/axe/4.5/image-alt?application=axeAPI&#039;, impact=&#039;critical&#039;, tags=[cat.text-alternatives, wcag2a, wcag111, section508, section508.22.a, ACT], nodes=[CheckedNode{target=&#039;[img]&#039;, html=&#039;&lt;img src=&quot;meta/logo.png&quot; class=&quot;logo&quot;&gt;&#039;, impact=&#039;critical&#039;, failureSummary=&#039;Fix any of the following:
  Element does not have an alt attribute
  aria-label attribute does not exist or is empty
  aria-labelledby attribute does not exist, references elements that do not exist or references elements that are empty
  Element has no title attribute
  Element&#039;s default semantics were not overridden with role=&quot;none&quot; or role=&quot;presentation&quot;&#039;, any=&#039;[CheckedNode{id=&#039;has-alt&#039;, impact=&#039;critical&#039;, message=&#039;Element does not have an alt attribute&#039;, data=&#039;null&#039;, relatedNodes=&#039;[]&#039;}, CheckedNode{id=&#039;aria-label&#039;, impact=&#039;serious&#039;, message=&#039;aria-label attribute does not exist or is empty&#039;, data=&#039;null&#039;, relatedNodes=&#039;[]&#039;}, CheckedNode{id=&#039;aria-labelledby&#039;, impact=&#039;serious&#039;, message=&#039;aria-labelledby attribute does not exist, references elements that do not exist or references elements that are empty&#039;, data=&#039;null&#039;, relatedNodes=&#039;[]&#039;}, CheckedNode{id=&#039;non-empty-title&#039;, impact=&#039;serious&#039;, message=&#039;Element has no title attribute&#039;, data=&#039;{messageKey=noAttr}&#039;, relatedNodes=&#039;[]&#039;}, CheckedNode{id=&#039;presentational-role&#039;, impact=&#039;minor&#039;, message=&#039;Element&#039;s default semantics were not overridden with role=&quot;none&quot; or role=&quot;presentation&quot;&#039;, data=&#039;null&#039;, relatedNodes=&#039;[]&#039;}]&#039;, all=&#039;[]&#039;, none=&#039;[]&#039;}], url=&#039;null&#039;, createdDate=&#039;null&#039;}, Rule{id=&#039;meta-viewport&#039;, description=&#039;Ensures &lt;meta name=&quot;viewport&quot;&gt; does not disable text scaling and zooming&#039;, help=&#039;Zooming and scaling must not be disabled&#039;, helpUrl=&#039;https://dequeuniversity.com/rules/axe/4.5/meta-viewport?application=axeAPI&#039;, impact=&#039;critical&#039;, tags=[cat.sensory-and-visual-cues, wcag2aa, wcag144, ACT], nodes=[CheckedNode{target=&#039;[meta[name=&quot;viewport&quot;]]&#039;, html=&#039;&lt;meta name=&quot;viewport&quot; content=&quot;width=device-width, target-densitydpi=160dpi, initial-scale=1.0, maximum-scale=1, user-scalable=no, minimal-ui&quot;&gt;&#039;, impact=&#039;critical&#039;, failureSummary=&#039;Fix any of the following:
  user-scalable=no on &lt;meta&gt; tag disables zooming on mobile devices&#039;, any=&#039;[CheckedNode{id=&#039;meta-viewport&#039;, impact=&#039;critical&#039;, message=&#039;user-scalable=no on &lt;meta&gt; tag disables zooming on mobile devices&#039;, data=&#039;user-scalable=no&#039;, relatedNodes=&#039;[]&#039;}]&#039;, all=&#039;[]&#039;, none=&#039;[]&#039;}], url=&#039;null&#039;, createdDate=&#039;null&#039;}]" type="java.lang.AssertionError">
      <![CDATA[java.lang.AssertionError: [Total violations found in application : 3] List of violations : [Rule{id='html-has-lang', description='Ensures every HTML document has a lang attribute', help='<html> element must have a lang attribute', helpUrl='https://dequeuniversity.com/rules/axe/4.5/html-has-lang?application=axeAPI', impact='serious', tags=[cat.language, wcag2a, wcag311, ACT], nodes=[CheckedNode{target='[html]', html='<html>', impact='serious', failureSummary='Fix any of the following:
  The <html> element does not have a lang attribute', any='[CheckedNode{id='has-lang', impact='serious', message='The <html> element does not have a lang attribute', data='{messageKey=noLang}', relatedNodes='[]'}]', all='[]', none='[]'}], url='null', createdDate='null'}, Rule{id='image-alt', description='Ensures <img> elements have alternate text or a role of none or presentation', help='Images must have alternate text', helpUrl='https://dequeuniversity.com/rules/axe/4.5/image-alt?application=axeAPI', impact='critical', tags=[cat.text-alternatives, wcag2a, wcag111, section508, section508.22.a, ACT], nodes=[CheckedNode{target='[img]', html='<img src="meta/logo.png" class="logo">', impact='critical', failureSummary='Fix any of the following:
  Element does not have an alt attribute
  aria-label attribute does not exist or is empty
  aria-labelledby attribute does not exist, references elements that do not exist or references elements that are empty
  Element has no title attribute
  Element's default semantics were not overridden with role="none" or role="presentation"', any='[CheckedNode{id='has-alt', impact='critical', message='Element does not have an alt attribute', data='null', relatedNodes='[]'}, CheckedNode{id='aria-label', impact='serious', message='aria-label attribute does not exist or is empty', data='null', relatedNodes='[]'}, CheckedNode{id='aria-labelledby', impact='serious', message='aria-labelledby attribute does not exist, references elements that do not exist or references elements that are empty', data='null', relatedNodes='[]'}, CheckedNode{id='non-empty-title', impact='serious', message='Element has no title attribute', data='{messageKey=noAttr}', relatedNodes='[]'}, CheckedNode{id='presentational-role', impact='minor', message='Element's default semantics were not overridden with role="none" or role="presentation"', data='null', relatedNodes='[]'}]', all='[]', none='[]'}], url='null', createdDate='null'}, Rule{id='meta-viewport', description='Ensures <meta name="viewport"> does not disable text scaling and zooming', help='Zooming and scaling must not be disabled', helpUrl='https://dequeuniversity.com/rules/axe/4.5/meta-viewport?application=axeAPI', impact='critical', tags=[cat.sensory-and-visual-cues, wcag2aa, wcag144, ACT], nodes=[CheckedNode{target='[meta[name="viewport"]]', html='<meta name="viewport" content="width=device-width, target-densitydpi=160dpi, initial-scale=1.0, maximum-scale=1, user-scalable=no, minimal-ui">', impact='critical', failureSummary='Fix any of the following:
  user-scalable=no on <meta> tag disables zooming on mobile devices', any='[CheckedNode{id='meta-viewport', impact='critical', message='user-scalable=no on <meta> tag disables zooming on mobile devices', data='user-scalable=no', relatedNodes='[]'}]', all='[]', none='[]'}], url='null', createdDate='null'}]
at org.igt.webaccessibilitytest.AccessibilityScan.accessibilityTest(AccessibilityScan.java:42)
at java.base/jdk.internal.reflect.NativeMethodAccessorImpl.invoke0(Native Method)
at java.base/jdk.internal.reflect.NativeMethodAccessorImpl.invoke(NativeMethodAccessorImpl.java:77)
at java.base/jdk.internal.reflect.DelegatingMethodAccessorImpl.invoke(DelegatingMethodAccessorImpl.java:43)
at java.base/java.lang.reflect.Method.invoke(Method.java:568)
at org.testng.internal.MethodInvocationHelper.invokeMethod(MethodInvocationHelper.java:133)
at org.testng.internal.TestInvoker.invokeMethod(TestInvoker.java:598)
at org.testng.internal.TestInvoker.invokeTestMethod(TestInvoker.java:173)
at org.testng.internal.MethodRunner.runInSequence(MethodRunner.java:46)
at org.testng.internal.TestInvoker$MethodInvocationAgent.invoke(TestInvoker.java:824)
at org.testng.internal.TestInvoker.invokeTestMethods(TestInvoker.java:146)
at org.testng.internal.TestMethodWorker.invokeTestMethods(TestMethodWorker.java:146)
at org.testng.internal.TestMethodWorker.run(TestMethodWorker.java:128)
at java.base/java.util.ArrayList.forEach(ArrayList.java:1511)
at org.testng.TestRunner.privateRun(TestRunner.java:794)
at org.testng.TestRunner.run(TestRunner.java:596)
at org.testng.SuiteRunner.runTest(SuiteRunner.java:377)
at org.testng.SuiteRunner.runSequentially(SuiteRunner.java:371)
at org.testng.SuiteRunner.privateRun(SuiteRunner.java:332)
at org.testng.SuiteRunner.run(SuiteRunner.java:276)
at org.testng.SuiteRunnerWorker.runSuite(SuiteRunnerWorker.java:53)
at org.testng.SuiteRunnerWorker.run(SuiteRunnerWorker.java:96)
at org.testng.TestNG.runSuitesSequentially(TestNG.java:1212)
at org.testng.TestNG.runSuitesLocally(TestNG.java:1134)
at org.testng.TestNG.runSuites(TestNG.java:1063)
at org.testng.TestNG.run(TestNG.java:1031)
at org.testng.remote.AbstractRemoteTestNG.run(AbstractRemoteTestNG.java:115)
at org.testng.remote.RemoteTestNG.initAndRun(RemoteTestNG.java:251)
at org.testng.remote.RemoteTestNG.main(RemoteTestNG.java:77)
]]>
    </failure>
  </testcase> <!-- accessibilityTest -->
  <system-out/>
</testsuite> <!-- org.igt.webaccessibilitytest.AccessibilityScan -->
