<?xml version="1.0" encoding="UTF-8"?>
<!-- Generated by org.testng.reporters.JUnitReportReporter -->
<testsuite hostname="DU1LSITA112PPH" failures="0" tests="1" name="org.igt.websecurityscan.ZAPScanTest" time="0.060" errors="0" timestamp="2023-06-15T16:07:47 AEST" skipped="0">
  <testcase classname="org.igt.websecurityscan.ZAPScanTest" name="zapTest" time="0.060"/>
  <system-out/>
</testsuite> <!-- org.igt.websecurityscan.ZAPScanTest -->
