<?xml version="1.0" encoding="UTF-8"?>
<!-- Generated by org.testng.reporters.JUnitReportReporter -->
<testsuite hostname="DU1LSITA112PPH" failures="0" tests="1" name="org.igt.gametesting.GameAutomation" time="21.544" errors="0" timestamp="2023-06-15T16:09:03 AEST" skipped="0">
  <testcase classname="org.igt.gametesting.GameAutomation" name="gameAuto" time="21.544"/>
  <system-out/>
</testsuite> <!-- org.igt.gametesting.GameAutomation -->
