<?xml version="1.0" encoding="UTF-8"?>
<!-- Generated by org.testng.reporters.JUnitReportReporter -->
<testsuite hostname="DU1LSITA112PPH" failures="0" tests="2" name="org.igt.webtest.WebDemoTest" time="0.019" errors="0" timestamp="2023-06-15T16:07:47 AEST" skipped="1">
  <testcase classname="org.igt.webtest.WebDemoTest" name="webTest1" time="0.019"/>
  <system-out/>
  <testcase classname="org.igt.webtest.WebDemoTest" name="getTextTest">
    <skipped/>
  </testcase> <!-- getTextTest -->
  <system-out/>
</testsuite> <!-- org.igt.webtest.WebDemoTest -->
