<?xml version="1.0" encoding="UTF-8"?>
<!-- Generated by org.testng.reporters.JUnitReportReporter -->
<testsuite hostname="DU1LSITA112PPH" failures="0" tests="2" name="org.igt.visualtest.PercyWebTest" time="10.178" errors="0" timestamp="2023-06-15T16:07:47 AEST" skipped="0">
  <testcase classname="org.igt.visualtest.PercyWebTest" name="percyTest" time="5.169"/>
  <system-out/>
  <testcase classname="org.igt.visualtest.PercyWebTest" name="percyTestWithDifferentWidth" time="5.009"/>
  <system-out/>
</testsuite> <!-- org.igt.visualtest.PercyWebTest -->
